2020-02-19 00:36:02 star============================================>
[[{ID:2 Name:0xc0002103e0 Age:36} {ID:4 Name:0xc000210420 Age:36} {ID:7 Name:0xc000210470 Age:0}]]

2020-02-19 00:39:18 star============================================>
[[{ID:2 Name:小王子 Age:36} {ID:4 Name:小王子 Age:36} {ID:7 Name:小王子 Age:0}]]

2020-02-19 00:47:10 star============================================>
[[]]

2020-02-19 00:48:52 star============================================>
[[]]

2020-02-19 00:52:42 star============================================>
[[]]

2020-02-19 00:54:52 star============================================>
[[{ID:2 Name:小王子 Age:36} {ID:4 Name:小王子 Age:36} {ID:7 Name:小王子 Age:0}]]

2020-02-19 00:57:55 star============================================>
[[{ID:2 Name:小王子 Age:36} {ID:4 Name:小王子 Age:36} {ID:7 Name:小王子 Age:0}]]

2020-02-19 00:58:44 star============================================>
[[{ID:2 Name:小王子 Age:36} {ID:4 Name:小王子 Age:36} {ID:7 Name:小王子 Age:0}]]

2020-02-19 01:00:20 star============================================>
[[]]

2020-02-19 01:01:08 star============================================>
[[{ID:2 Name:小王子 Age:36} {ID:4 Name:小王子 Age:36}]]

2020-02-19 01:02:47 star============================================>
[[{ID:2 Name:小王子 Age:36} {ID:4 Name:小王子 Age:36}]]

2020-02-19 01:06:11 star============================================>
[[]]

2020-02-19 01:06:29 star============================================>
[[]]

2020-02-19 01:07:18 star============================================>
[[{ID:2 Name:小王子 Age:36} {ID:4 Name:小王子 Age:36}]]

2020-02-19 01:08:58 star============================================>
[[{ID:1 Name: Age:36} {ID:2 Name:小王子 Age:36} {ID:3 Name: Age:36} {ID:4 Name:小王子 Age:36} {ID:5 Name: Age:36} {ID:7 Name:小王子 Age:0}]]

2020-02-19 01:09:53 star============================================>
[[{ID:2 Name:小王子 Age:36} {ID:4 Name:小王子 Age:36}]]

2020-02-19 01:10:34 star============================================>
[[{ID:1 Name: Age:36} {ID:2 Name:小王子 Age:36} {ID:3 Name: Age:36} {ID:4 Name:小王子 Age:36} {ID:5 Name: Age:36}]]

2020-02-19 01:11:52 star============================================>
[[{ID:1 Name: Age:36} {ID:2 Name:小王子 Age:36} {ID:3 Name: Age:36} {ID:4 Name:小王子 Age:36} {ID:5 Name: Age:36} {ID:6 Name: Age:0} {ID:7 Name:小王子 Age:0}]]

2020-02-19 01:12:43 star============================================>
[[{ID:1 Name: Age:36} {ID:2 Name:小王子 Age:36} {ID:3 Name: Age:36} {ID:4 Name:小王子 Age:36} {ID:5 Name: Age:36} {ID:6 Name: Age:0} {ID:7 Name:小王子 Age:0}]]

2020-02-19 01:13:37 star============================================>
[[]]

2020-02-19 01:14:46 star============================================>
[[]]

2020-02-19 01:15:15 star============================================>
[[{ID:1 Name: Age:36} {ID:2 Name:小王子 Age:36} {ID:3 Name: Age:36} {ID:4 Name:小王子 Age:36} {ID:5 Name: Age:36}]]

2020-02-19 01:15:57 star============================================>
[[{ID:1 Name: Age:36} {ID:2 Name:小王子 Age:36} {ID:3 Name: Age:36} {ID:4 Name:小王子 Age:36} {ID:5 Name: Age:36} {ID:6 Name: Age:0} {ID:7 Name:小王子 Age:0}]]

2020-02-19 01:21:00 star============================================>
[[]]

